=== Wed Apr  1 22:01:01 CDT 2026 :: DRY RUN PRECHECK ===
Mode: DRY RUN
Games: WAW, BO1, BO2, WW2

Matched achievements: 927
Total XP before: 715730
Total XP after:  1431460
Delta:           +715730

By game:
  BO1: 288 achievements | 227100 -> 454200 (+227100)
  BO2: 276 achievements | 204520 -> 409040 (+204520)
  WAW: 104 achievements | 66730 -> 133460 (+66730)
  WW2: 259 achievements | 217380 -> 434760 (+217380)

By challenge type:
  EASTER_EGG_SPEEDRUN: 72 achievements | 107750 -> 215500 (+107750)
  PACK_A_PUNCH_SPEEDRUN: 28 achievements | 3790 -> 7580 (+3790)
  ROUND_10_SPEEDRUN: 16 achievements | 6440 -> 12880 (+6440)
  ROUND_100_SPEEDRUN: 108 achievements | 118800 -> 237600 (+118800)
  ROUND_15_SPEEDRUN: 124 achievements | 49910 -> 99820 (+49910)
  ROUND_200_SPEEDRUN: 76 achievements | 121600 -> 243200 (+121600)
  ROUND_30_SPEEDRUN: 128 achievements | 63360 -> 126720 (+63360)
  ROUND_5_SPEEDRUN: 123 achievements | 49510 -> 99020 (+49510)
  ROUND_50_SPEEDRUN: 124 achievements | 81220 -> 162440 (+81220)
  ROUND_70_SPEEDRUN: 124 achievements | 106950 -> 213900 (+106950)
  SUPER_30_SPEEDRUN: 4 achievements | 6400 -> 12800 (+6400)

Sample (20):
  [WAW] ROUND_70_SPEEDRUN | round-70-speedrun-under-2-43-40 | 900 -> 1800
  [BO1] ROUND_70_SPEEDRUN | round-70-speedrun-under-4-24-00 | 150 -> 300
  [WAW] ROUND_30_SPEEDRUN | round-30-speedrun-under-42-57 | 200 -> 400
  [WAW] ROUND_30_SPEEDRUN | round-30-speedrun-under-57-16 | 80 -> 160
  [WAW] ROUND_50_SPEEDRUN | round-50-speedrun-under-1-32-24 | 120 -> 240
  [WAW] ROUND_50_SPEEDRUN | round-50-speedrun-under-1-09-18 | 300 -> 600
  [WAW] ROUND_50_SPEEDRUN | round-50-speedrun-under-55-26 | 700 -> 1400
  [WAW] ROUND_70_SPEEDRUN | round-70-speedrun-under-1-45-17 | 400 -> 800
  [WAW] ROUND_5_SPEEDRUN | round-5-speedrun-under-5-12 | 150 -> 300
  [WAW] ROUND_70_SPEEDRUN | round-70-speedrun-under-1-24-13 | 900 -> 1800
  [WAW] ROUND_100_SPEEDRUN | round-100-speedrun-under-3-40-06 | 200 -> 400
  [WAW] ROUND_100_SPEEDRUN | round-100-speedrun-under-2-45-05 | 500 -> 1000
  [WAW] ROUND_5_SPEEDRUN | round-5-speedrun-under-4-10 | 400 -> 800
  [WAW] ROUND_100_SPEEDRUN | round-100-speedrun-under-2-12-04 | 1200 -> 2400
  [WAW] ROUND_5_SPEEDRUN | round-5-speedrun-under-6-56 | 60 -> 120
  [WAW] ROUND_50_SPEEDRUN | round-50-speedrun-under-1-04-39 | 300 -> 600
  [WAW] ROUND_50_SPEEDRUN | round-50-speedrun-under-51-43 | 700 -> 1400
  [WAW] ROUND_70_SPEEDRUN | round-70-speedrun-under-2-03-28 | 150 -> 300
  [WAW] ROUND_100_SPEEDRUN | round-100-speedrun-under-1-44-42 | 1200 -> 2400
  [WAW] ROUND_100_SPEEDRUN | round-100-speedrun-under-2-10-53 | 500 -> 1000

Dry run complete. Use --apply to write updates.

=== Wed Apr  1 22:01:02 CDT 2026 :: APPLY XP DOUBLING ===
Mode: APPLY
Games: WAW, BO1, BO2, WW2

Matched achievements: 927
Total XP before: 715730
Total XP after:  1431460
Delta:           +715730

By game:
  BO1: 288 achievements | 227100 -> 454200 (+227100)
  BO2: 276 achievements | 204520 -> 409040 (+204520)
  WAW: 104 achievements | 66730 -> 133460 (+66730)
  WW2: 259 achievements | 217380 -> 434760 (+217380)

By challenge type:
  EASTER_EGG_SPEEDRUN: 72 achievements | 107750 -> 215500 (+107750)
  PACK_A_PUNCH_SPEEDRUN: 28 achievements | 3790 -> 7580 (+3790)
  ROUND_10_SPEEDRUN: 16 achievements | 6440 -> 12880 (+6440)
  ROUND_100_SPEEDRUN: 108 achievements | 118800 -> 237600 (+118800)
  ROUND_15_SPEEDRUN: 124 achievements | 49910 -> 99820 (+49910)
  ROUND_200_SPEEDRUN: 76 achievements | 121600 -> 243200 (+121600)
  ROUND_30_SPEEDRUN: 128 achievements | 63360 -> 126720 (+63360)
  ROUND_5_SPEEDRUN: 123 achievements | 49510 -> 99020 (+49510)
  ROUND_50_SPEEDRUN: 124 achievements | 81220 -> 162440 (+81220)
  ROUND_70_SPEEDRUN: 124 achievements | 106950 -> 213900 (+106950)
  SUPER_30_SPEEDRUN: 4 achievements | 6400 -> 12800 (+6400)

Sample (20):
  [WAW] ROUND_70_SPEEDRUN | round-70-speedrun-under-2-43-40 | 900 -> 1800
  [BO1] ROUND_70_SPEEDRUN | round-70-speedrun-under-4-24-00 | 150 -> 300
  [WAW] ROUND_30_SPEEDRUN | round-30-speedrun-under-42-57 | 200 -> 400
  [WAW] ROUND_30_SPEEDRUN | round-30-speedrun-under-57-16 | 80 -> 160
  [WAW] ROUND_50_SPEEDRUN | round-50-speedrun-under-1-32-24 | 120 -> 240
  [WAW] ROUND_50_SPEEDRUN | round-50-speedrun-under-1-09-18 | 300 -> 600
  [WAW] ROUND_50_SPEEDRUN | round-50-speedrun-under-55-26 | 700 -> 1400
  [WAW] ROUND_70_SPEEDRUN | round-70-speedrun-under-1-45-17 | 400 -> 800
  [WAW] ROUND_5_SPEEDRUN | round-5-speedrun-under-5-12 | 150 -> 300
  [WAW] ROUND_70_SPEEDRUN | round-70-speedrun-under-1-24-13 | 900 -> 1800
  [WAW] ROUND_100_SPEEDRUN | round-100-speedrun-under-3-40-06 | 200 -> 400
  [WAW] ROUND_100_SPEEDRUN | round-100-speedrun-under-2-45-05 | 500 -> 1000
  [WAW] ROUND_5_SPEEDRUN | round-5-speedrun-under-4-10 | 400 -> 800
  [WAW] ROUND_100_SPEEDRUN | round-100-speedrun-under-2-12-04 | 1200 -> 2400
  [WAW] ROUND_5_SPEEDRUN | round-5-speedrun-under-6-56 | 60 -> 120
  [WAW] ROUND_50_SPEEDRUN | round-50-speedrun-under-1-04-39 | 300 -> 600
  [WAW] ROUND_50_SPEEDRUN | round-50-speedrun-under-51-43 | 700 -> 1400
  [WAW] ROUND_70_SPEEDRUN | round-70-speedrun-under-2-03-28 | 150 -> 300
  [WAW] ROUND_100_SPEEDRUN | round-100-speedrun-under-1-44-42 | 1200 -> 2400
  [WAW] ROUND_100_SPEEDRUN | round-100-speedrun-under-2-10-53 | 500 -> 1000

Applying XP updates...
  Updated 200/927...
  Updated 400/927...
  Updated 600/927...
  Updated 800/927...
Updated achievements: 927

=== Wed Apr  1 22:02:45 CDT 2026 :: REUNLOCK ACHIEVEMENTS (SCOPED GAMES) ===

> cod-zombies-tracker@0.1.0 db:reunlock-achievements /Users/raymiesegars/Documents/Development/PersonalCoding/cod-zombies-tracker
> node scripts/run-reunlock-with-direct.js

Filtering to games: WAW, BO1, BO2, WW2

  32 maps in selected filters.

Found 18104 (userId, mapId) pairs with logs.

  [100/18104] ...
  [200/18104] ...
  [300/18104] ...
  [400/18104] ...
  [500/18104] ...
  [600/18104] ...
  [700/18104] ...
  [800/18104] ...
  [900/18104] ...
  [1000/18104] ...
  [1100/18104] ...
  [1200/18104] ...
  [1300/18104] ...
  [1400/18104] ...
  [1500/18104] ...
  [1600/18104] ...
  [1700/18104] ...
  [1800/18104] ...
  [1900/18104] ...
  [2000/18104] ...
  [2100/18104] ...
  [2200/18104] ...
  [2300/18104] ...
  [2400/18104] ...
  [2500/18104] ...
  [2600/18104] ...
  [2700/18104] ...
  [2800/18104] ...
  [2900/18104] ...
  [3000/18104] ...
  [3100/18104] ...
  [3200/18104] ...
  [3300/18104] ...
  [3400/18104] ...
  [3500/18104] ...
  [3565/18104] userId=cmn4t59u... verruckt → 3 new achievement(s)
  [3566/18104] userId=cmn4t59u... town → 2 new achievement(s)
  [3567/18104] userId=cmn4t59u... origins → 3 new achievement(s)
  [3600/18104] ...
  [3700/18104] ...
  [3800/18104] ...
  [3900/18104] ...
  [4000/18104] ...
  [4100/18104] ...
  [4200/18104] ...
  [4300/18104] ...
  [4400/18104] ...
  [4500/18104] ...
  [4600/18104] ...
  [4700/18104] ...
  [4800/18104] ...
  [4900/18104] ...
  [5000/18104] ...
  [5100/18104] ...
  [5200/18104] ...
  [5300/18104] ...
  [5400/18104] ...
  [5449/18104] userId=cmn5oehp... moon → 1 new achievement(s)
  [5500/18104] ...
  [5600/18104] ...
  [5700/18104] ...
  [5800/18104] ...
  [5900/18104] ...
  [6000/18104] ...
  [6100/18104] ...
  [6200/18104] ...
  [6300/18104] ...
  [6400/18104] ...
  [6500/18104] ...
  [6600/18104] ...
  [6700/18104] ...
  [6800/18104] ...
  [6900/18104] ...
  [7000/18104] ...
  [7100/18104] ...
  [7200/18104] userId=cmn6frjm... the-frozen-dawn → 4 new achievement(s)
  [7300/18104] ...
  [7400/18104] ...
  [7500/18104] ...
  [7600/18104] ...
  [7700/18104] ...
  [7800/18104] ...
  [7900/18104] ...
  [8000/18104] ...
  [8100/18104] ...
  [8200/18104] ...
  [8274/18104] userId=cmn6zhh2... the-shadowed-throne → 4 new achievement(s)
  [8275/18104] userId=cmn6zhh2... altar-of-blood → 4 new achievement(s)
  [8276/18104] userId=cmn6zhh2... the-frozen-dawn → 7 new achievement(s)
  [8300/18104] ...
  [8370/18104] userId=cmn70o61... der-riese → 2 new achievement(s)
  [8400/18104] ...
  [8500/18104] ...
  [8600/18104] ...
  [8700/18104] ...
  [8800/18104] ...
  [8900/18104] ...
  [9000/18104] ...
  [9100/18104] ...
  [9200/18104] ...
  [9300/18104] ...
  [9400/18104] ...
  [9431/18104] userId=cmn7iw1d... shi-no-numa → 9 new achievement(s)
  [9500/18104] ...
  [9600/18104] ...
  [9700/18104] ...
  [9800/18104] ...
  [9900/18104] ...
  [10000/18104] ...
  [10046/18104] userId=cmn7sgf3... bus-depot → 1 new achievement(s)
  [10047/18104] userId=cmn7sgf3... town → 4 new achievement(s)
  [10100/18104] ...
  [10200/18104] ...
  [10300/18104] ...
  [10400/18104] ...
  [10500/18104] ...
  [10600/18104] ...
  [10700/18104] ...
  [10711/18104] userId=cmn83766... five → 9 new achievement(s)
  [10800/18104] ...
  [10900/18104] ...
  [11000/18104] ...
  [11100/18104] ...
  [11200/18104] ...
  [11300/18104] ...
  [11400/18104] ...
  [11500/18104] ...
  [11600/18104] ...
  [11700/18104] ...
  [11800/18104] ...
  [11900/18104] ...
  [12000/18104] ...
  [12100/18104] ...
  [12200/18104] ...
  [12300/18104] ...
  [12400/18104] ...
  [12500/18104] ...
  [12600/18104] ...
  [12700/18104] ...
  [12800/18104] ...
  [12900/18104] ...
  [13000/18104] ...
  [13100/18104] ...
  [13200/18104] ...
  [13300/18104] ...
  [13400/18104] ...
  [13500/18104] ...
  [13600/18104] ...
  [13700/18104] ...
  [13800/18104] ...
  [13900/18104] ...
  [14000/18104] ...
  [14012/18104] userId=cmn9k0cp... bus-depot → 3 new achievement(s)
  [14014/18104] userId=cmn9k0uy... bus-depot → 2 new achievement(s)
  [14100/18104] ...
  [14200/18104] ...
  [14300/18104] ...
  [14400/18104] ...
  [14500/18104] ...
  [14600/18104] ...
  [14700/18104] ...
  [14800/18104] ...
  [14900/18104] ...
  [14932/18104] userId=cmn9yml0... bo1-der-riese → 4 new achievement(s)
  [15000/18104] ...
  [15100/18104] ...
  [15200/18104] ...
  [15300/18104] ...
  [15400/18104] ...
  [15500/18104] ...
  [15600/18104] ...
  [15700/18104] ...
  [15800/18104] ...
  [15900/18104] ...
  [16000/18104] ...
  [16100/18104] ...
  [16200/18104] ...
  [16300/18104] ...
  [16400/18104] ...
  [16484/18104] userId=cmnaf836... buried → 4 new achievement(s)
  [16485/18104] userId=cmnaf836... origins → 4 new achievement(s)
  [16500/18104] ...
  [16600/18104] ...
  [16700/18104] ...
  [16800/18104] ...
  [16900/18104] ...
  [17000/18104] ...
  [17100/18104] ...
  [17171/18104] userId=cmnai19f... nacht-der-untoten → 1 new achievement(s)
  [17172/18104] userId=cmnai19f... kino-der-toten → 2 new achievement(s)
  [17200/18104] ...
  [17300/18104] ...
  [17400/18104] ...
  [17500/18104] ...
  [17600/18104] ...
  [17700/18104] ...
  [17800/18104] ...
  [17801/18104] userId=cmnakt1u... bo1-der-riese → 4 new achievement(s)
  [17847/18104] userId=cmnakzo9... nuketown-zombies → 6 new achievement(s)
  [17900/18104] ...
  [18000/18104] ...
  [18100/18104] ...

Processed 18104 pairs. Total new unlocks: 83 (15 users).

Granted verified XP for 21 (userId, mapId) pairs with verified runs.

Recalculating totalXp and level for affected users...
  Updated totalXp/level for 11 users.

Re-unlock complete.

=== Wed Apr  1 23:59:02 CDT 2026 :: RECOMPUTE VERIFIED XP (SCOPED GAMES) ===

> cod-zombies-tracker@0.1.0 db:recompute-verified-xp /Users/raymiesegars/Documents/Development/PersonalCoding/cod-zombies-tracker
> tsx scripts/recompute-verified-xp.ts

Filtering to games: WAW, BO1, BO2, WW2

  32 maps in selected filters.

1. Finding (userId, mapId) pairs with verified runs...
   Found 17698 (userId, mapId) pairs with verified runs.

2. Clearing verifiedAt on UserAchievement...
   Cleared 90262 records.

3. Granting verifiedAt for achievements on maps with verified runs...
   Processed 50/17698...
   Processed 100/17698...
   Processed 150/17698...
   Processed 200/17698...
   Processed 250/17698...
   Processed 300/17698...
   Processed 350/17698...
   Processed 400/17698...
   Processed 450/17698...
   Processed 500/17698...
   Processed 550/17698...
   Processed 600/17698...
   Processed 650/17698...
   Processed 700/17698...
   Processed 750/17698...
   Processed 800/17698...
   Processed 850/17698...
   Processed 900/17698...
   Processed 950/17698...
   Processed 1000/17698...
   Processed 1050/17698...
   Processed 1100/17698...
   Processed 1150/17698...
   Processed 1200/17698...
   Processed 1250/17698...
   Processed 1300/17698...
   Processed 1350/17698...
   Processed 1400/17698...
   Processed 1450/17698...
   Processed 1500/17698...
   Processed 1550/17698...
   Processed 1600/17698...
   Processed 1650/17698...
   Processed 1700/17698...
   Processed 1750/17698...
   Processed 1800/17698...
   Processed 1850/17698...
   Processed 1900/17698...
   Processed 1950/17698...
   Processed 2000/17698...
   Processed 2050/17698...
   Processed 2100/17698...
   Processed 2150/17698...
   Processed 2200/17698...
   Processed 2250/17698...
   Processed 2300/17698...
   Processed 2350/17698...
   Processed 2400/17698...
   Processed 2450/17698...
   Processed 2500/17698...
   Processed 2550/17698...
   Processed 2600/17698...
   Processed 2650/17698...
   Processed 2700/17698...
   Processed 2750/17698...
   Processed 2800/17698...
   Processed 2850/17698...
   Processed 2900/17698...
   Processed 2950/17698...
   Processed 3000/17698...
   Processed 3050/17698...
   Processed 3100/17698...
   Processed 3150/17698...
   Processed 3200/17698...
   Processed 3250/17698...
   Processed 3300/17698...
   Processed 3350/17698...
   Processed 3400/17698...
   Processed 3450/17698...
   Processed 3500/17698...
   Processed 3550/17698...
   Processed 3600/17698...
   Processed 3650/17698...
   Processed 3700/17698...
   Processed 3750/17698...
   Processed 3800/17698...
   Processed 3850/17698...
   Processed 3900/17698...
   Processed 3950/17698...
   Processed 4000/17698...
   Processed 4050/17698...
   Processed 4100/17698...
   Processed 4150/17698...
   Processed 4200/17698...
   Processed 4250/17698...
   Processed 4300/17698...
   Processed 4350/17698...
   Processed 4400/17698...
   Processed 4450/17698...
   Processed 4500/17698...
   Processed 4550/17698...
   Processed 4600/17698...
   Processed 4650/17698...
   Processed 4700/17698...
   Processed 4750/17698...
   Processed 4800/17698...
   Processed 4850/17698...
   Processed 4900/17698...
   Processed 4950/17698...
   Processed 5000/17698...
   Processed 5050/17698...
   Processed 5100/17698...
   Processed 5150/17698...
   Processed 5200/17698...
   Processed 5250/17698...
   Processed 5300/17698...
   Processed 5350/17698...
   Processed 5400/17698...
   Processed 5450/17698...
   Processed 5500/17698...
   Processed 5550/17698...
   Processed 5600/17698...
   Processed 5650/17698...
   Processed 5700/17698...
   Processed 5750/17698...
   Processed 5800/17698...
   Processed 5850/17698...
   Processed 5900/17698...
   Processed 5950/17698...
   Processed 6000/17698...
   Processed 6050/17698...
   Processed 6100/17698...
   Processed 6150/17698...
   Processed 6200/17698...
   Processed 6250/17698...
   Processed 6300/17698...
   Processed 6350/17698...
   Processed 6400/17698...
   Processed 6450/17698...
   Processed 6500/17698...
   Processed 6550/17698...
   Processed 6600/17698...
   Processed 6650/17698...
   Processed 6700/17698...
   Processed 6750/17698...
   Processed 6800/17698...
   Processed 6850/17698...
   Processed 6900/17698...
   Processed 6950/17698...
   Processed 7000/17698...
   Processed 7050/17698...
   Processed 7100/17698...
   Processed 7150/17698...
   Processed 7200/17698...
   Processed 7250/17698...
   Processed 7300/17698...
   Processed 7350/17698...
   Processed 7400/17698...
   Processed 7450/17698...
   Processed 7500/17698...
   Processed 7550/17698...
   Processed 7600/17698...
   Processed 7650/17698...
   Processed 7700/17698...
   Processed 7750/17698...
   Processed 7800/17698...
   Processed 7850/17698...
   Processed 7900/17698...
   Processed 7950/17698...
   Processed 8000/17698...
   Processed 8050/17698...
   Processed 8100/17698...
   Processed 8150/17698...
   Processed 8200/17698...
   Processed 8250/17698...
   Processed 8300/17698...
   Processed 8350/17698...
   Processed 8400/17698...
   Processed 8450/17698...
   Processed 8500/17698...
   Processed 8550/17698...
   Processed 8600/17698...
   Processed 8650/17698...
   Processed 8700/17698...
   Processed 8750/17698...
   Processed 8800/17698...
   Processed 8850/17698...
   Processed 8900/17698...
   Processed 8950/17698...
   Processed 9000/17698...
   Processed 9050/17698...
   Processed 9100/17698...
   Processed 9150/17698...
   Processed 9200/17698...
   Processed 9250/17698...
   Processed 9300/17698...
   Processed 9350/17698...
   Processed 9400/17698...
   Processed 9450/17698...
   Processed 9500/17698...
   Processed 9550/17698...
   Processed 9600/17698...
   Processed 9650/17698...
   Processed 9700/17698...
   Processed 9750/17698...
   Processed 9800/17698...
   Processed 9850/17698...
   Processed 9900/17698...
   Processed 9950/17698...
   Processed 10000/17698...
   Processed 10050/17698...
   Processed 10100/17698...
   Processed 10150/17698...
   Processed 10200/17698...
   Processed 10250/17698...
   Processed 10300/17698...
   Processed 10350/17698...
   Processed 10400/17698...
   Processed 10450/17698...
   Processed 10500/17698...
   Processed 10550/17698...
   Processed 10600/17698...
   Processed 10650/17698...
   Processed 10700/17698...
   Processed 10750/17698...
   Processed 10800/17698...
   Processed 10850/17698...
   Processed 10900/17698...
   Processed 10950/17698...
   Processed 11000/17698...
   Processed 11050/17698...
   Processed 11100/17698...
   Processed 11150/17698...
   Processed 11200/17698...
   Processed 11250/17698...
   Processed 11300/17698...
   Processed 11350/17698...
   Processed 11400/17698...
   Processed 11450/17698...
   Processed 11500/17698...
   Processed 11550/17698...
   Processed 11600/17698...
   Processed 11650/17698...
   Processed 11700/17698...
   Processed 11750/17698...
   Processed 11800/17698...
   Processed 11850/17698...
   Processed 11900/17698...
   Processed 11950/17698...
   Processed 12000/17698...
   Processed 12050/17698...
   Processed 12100/17698...
   Processed 12150/17698...
   Processed 12200/17698...
   Processed 12250/17698...
   Processed 12300/17698...
   Processed 12350/17698...
   Processed 12400/17698...
   Processed 12450/17698...
   Processed 12500/17698...
   Processed 12550/17698...
   Processed 12600/17698...
   Processed 12650/17698...
   Processed 12700/17698...
   Processed 12750/17698...
   Processed 12800/17698...
   Processed 12850/17698...
   Processed 12900/17698...
   Processed 12950/17698...
   Processed 13000/17698...
   Processed 13050/17698...
   Processed 13100/17698...
   Processed 13150/17698...
   Processed 13200/17698...
   Processed 13250/17698...
   Processed 13300/17698...
   Processed 13350/17698...
   Processed 13400/17698...
   Processed 13450/17698...
   Processed 13500/17698...
   Processed 13550/17698...
   Processed 13600/17698...
   Processed 13650/17698...
   Processed 13700/17698...
   Processed 13750/17698...
   Processed 13800/17698...
   Processed 13850/17698...
   Processed 13900/17698...
   Processed 13950/17698...
   Processed 14000/17698...
   Processed 14050/17698...
   Processed 14100/17698...
   Processed 14150/17698...
   Processed 14200/17698...
   Processed 14250/17698...
   Processed 14300/17698...
   Processed 14350/17698...
   Processed 14400/17698...
   Processed 14450/17698...
   Processed 14500/17698...
   Processed 14550/17698...
   Processed 14600/17698...
   Processed 14650/17698...
   Processed 14700/17698...
   Processed 14750/17698...
   Processed 14800/17698...
   Processed 14850/17698...
   Processed 14900/17698...
   Processed 14950/17698...
   Processed 15000/17698...
   Processed 15050/17698...
   Processed 15100/17698...
   Processed 15150/17698...
   Processed 15200/17698...
   Processed 15250/17698...
   Processed 15300/17698...
   Processed 15350/17698...
   Processed 15400/17698...
   Processed 15450/17698...
   Processed 15500/17698...
   Processed 15550/17698...
   Processed 15600/17698...
   Processed 15650/17698...
   Processed 15700/17698...
   Processed 15750/17698...
   Processed 15800/17698...
   Processed 15850/17698...
   Processed 15900/17698...
   Processed 15950/17698...
   Processed 16000/17698...
   Processed 16050/17698...
   Processed 16100/17698...
   Processed 16150/17698...
   Processed 16200/17698...
   Processed 16250/17698...
   Processed 16300/17698...
   Processed 16350/17698...
   Processed 16400/17698...
   Processed 16450/17698...
   Processed 16500/17698...
   Processed 16550/17698...
   Processed 16600/17698...
   Processed 16650/17698...
   Processed 16700/17698...
   Processed 16750/17698...
   Processed 16800/17698...
   Processed 16850/17698...
   Processed 16900/17698...
   Processed 16950/17698...
   Processed 17000/17698...
   Processed 17050/17698...
   Processed 17100/17698...
   Processed 17150/17698...
   Processed 17200/17698...
   Processed 17250/17698...
   Processed 17300/17698...
   Processed 17350/17698...
   Processed 17400/17698...
   Processed 17450/17698...
   Processed 17500/17698...
   Processed 17550/17698...
   Processed 17600/17698...
   Processed 17650/17698...
   Granted for 17698 pairs.

4. Recalculating totalXp, level, verifiedTotalXp...
   Recalculating for 9057 affected users only.

   Updated 4925 users.

Recompute verified XP complete.

=== Thu Apr  2 05:30:47 CDT 2026 :: POST-RUN DRY CHECK ===
Mode: DRY RUN
Games: WAW, BO1, BO2, WW2

Matched achievements: 927
Total XP before: 1431460
Total XP after:  2862920
Delta:           +1431460

By game:
  BO1: 288 achievements | 454200 -> 908400 (+454200)
  BO2: 276 achievements | 409040 -> 818080 (+409040)
  WAW: 104 achievements | 133460 -> 266920 (+133460)
  WW2: 259 achievements | 434760 -> 869520 (+434760)

By challenge type:
  EASTER_EGG_SPEEDRUN: 72 achievements | 215500 -> 431000 (+215500)
  PACK_A_PUNCH_SPEEDRUN: 28 achievements | 7580 -> 15160 (+7580)
  ROUND_10_SPEEDRUN: 16 achievements | 12880 -> 25760 (+12880)
  ROUND_100_SPEEDRUN: 108 achievements | 237600 -> 475200 (+237600)
  ROUND_15_SPEEDRUN: 124 achievements | 99820 -> 199640 (+99820)
  ROUND_200_SPEEDRUN: 76 achievements | 243200 -> 486400 (+243200)
  ROUND_30_SPEEDRUN: 128 achievements | 126720 -> 253440 (+126720)
  ROUND_5_SPEEDRUN: 123 achievements | 99020 -> 198040 (+99020)
  ROUND_50_SPEEDRUN: 124 achievements | 162440 -> 324880 (+162440)
  ROUND_70_SPEEDRUN: 124 achievements | 213900 -> 427800 (+213900)
  SUPER_30_SPEEDRUN: 4 achievements | 12800 -> 25600 (+12800)

Sample (5):
  [WAW] ROUND_70_SPEEDRUN | round-70-speedrun-under-2-43-40 | 1800 -> 3600
  [BO1] ROUND_70_SPEEDRUN | round-70-speedrun-under-4-24-00 | 300 -> 600
  [WAW] ROUND_30_SPEEDRUN | round-30-speedrun-under-42-57 | 400 -> 800
  [WAW] ROUND_30_SPEEDRUN | round-30-speedrun-under-57-16 | 160 -> 320
  [WAW] ROUND_50_SPEEDRUN | round-50-speedrun-under-55-26 | 1400 -> 2800

Dry run complete. Use --apply to write updates.
